<?xml version="1.0" encoding="UTF-8"?>
<testsuite xmlns:xsi="http://www.w3.org/2001/XMLSchema-instance" xsi:noNamespaceSchemaLocation="https://maven.apache.org/surefire/maven-surefire-plugin/xsd/surefire-test-report.xsd" name="com.example.seckill.dao.SeckillDaoTest" time="0.018" tests="3" errors="0" skipped="0" failures="0">
  <properties>
[...]
</properties>
  <testcase name="queryById" classname="com.example.seckill.dao.SeckillDaoTest" time="0.013"/>
  <testcase name="queryAll" classname="com.example.seckill.dao.SeckillDaoTest" time="0.001"/>
  <testcase name="reduceNumber" classname="com.example.seckill.dao.SeckillDaoTest" time="0.001"/>
</testsuite>